<?xml version="1.0" encoding="UTF-8"?>
<!-- Generated by org.testng.reporters.JUnitReportReporter -->
<testsuite hostname="HASSEN-HP" failures="0" tests="8" name="runner.CucumberRunnerTests" time="405.233" errors="3" timestamp="2023-05-22T16:08:49 EDT" skipped="0">
  <testcase classname="runner.CucumberRunnerTests" name="runScenario" time="46.819">
    <error message="Unable to locate element: //span[@class=&#039;oxd-text oxd-text--span oxd-input-field-error-message oxd-input-group__message&#039;]
For documentation on this error, please visit: https://selenium.dev/exceptions/#no_such_element
Build info: version: &#039;4.3.0&#039;, revision: &#039;a4995e2c09*&#039;
System info: host: &#039;HASSEN-HP&#039;, ip: &#039;192.168.209.1&#039;, os.name: &#039;Windows 10&#039;, os.arch: &#039;amd64&#039;, os.version: &#039;10.0&#039;, java.version: &#039;17.0.6&#039;
Driver info: org.openqa.selenium.firefox.FirefoxDriver
Command: [65bf21a2-4508-457f-aa3d-b4af65694671, findElement {using=xpath, value=//span[@class=&#039;oxd-text oxd-text--span oxd-input-field-error-message oxd-input-group__message&#039;]}]
Capabilities {acceptInsecureCerts: true, browserName: firefox, browserVersion: 113.0.1, moz:accessibilityChecks: false, moz:buildID: 20230511191846, moz:debuggerAddress: 127.0.0.1:65134, moz:geckodriverVersion: 0.33.0, moz:headless: false, moz:platformVersion: 10.0, moz:processID: 38044, moz:profile: C:\Users\HASSEN\AppData\Loc..., moz:shutdownTimeout: 60000, moz:useNonSpecCompliantPointerOrigin: false, moz:webdriverClick: true, moz:windowless: false, pageLoadStrategy: normal, platformName: WINDOWS, proxy: Proxy(), se:cdp: ws://127.0.0.1:65134/devtoo..., se:cdpVersion: 85.0, setWindowRect: true, strictFileInteractability: false, timeouts: {implicit: 0, pageLoad: 300000, script: 30000}, unhandledPromptBehavior: dismiss and notify}
Session ID: 65bf21a2-4508-457f-aa3d-b4af65694671" type="org.openqa.selenium.NoSuchElementException">
      <![CDATA[org.openqa.selenium.NoSuchElementException: Unable to locate element: //span[@class='oxd-text oxd-text--span oxd-input-field-error-message oxd-input-group__message']
For documentation on this error, please visit: https://selenium.dev/exceptions/#no_such_element
Build info: version: '4.3.0', revision: 'a4995e2c09*'
System info: host: 'HASSEN-HP', ip: '192.168.209.1', os.name: 'Windows 10', os.arch: 'amd64', os.version: '10.0', java.version: '17.0.6'
Driver info: org.openqa.selenium.firefox.FirefoxDriver
Command: [65bf21a2-4508-457f-aa3d-b4af65694671, findElement {using=xpath, value=//span[@class='oxd-text oxd-text--span oxd-input-field-error-message oxd-input-group__message']}]
Capabilities {acceptInsecureCerts: true, browserName: firefox, browserVersion: 113.0.1, moz:accessibilityChecks: false, moz:buildID: 20230511191846, moz:debuggerAddress: 127.0.0.1:65134, moz:geckodriverVersion: 0.33.0, moz:headless: false, moz:platformVersion: 10.0, moz:processID: 38044, moz:profile: C:\Users\HASSEN\AppData\Loc..., moz:shutdownTimeout: 60000, moz:useNonSpecCompliantPointerOrigin: false, moz:webdriverClick: true, moz:windowless: false, pageLoadStrategy: normal, platformName: WINDOWS, proxy: Proxy(), se:cdp: ws://127.0.0.1:65134/devtoo..., se:cdpVersion: 85.0, setWindowRect: true, strictFileInteractability: false, timeouts: {implicit: 0, pageLoad: 300000, script: 30000}, unhandledPromptBehavior: dismiss and notify}
Session ID: 65bf21a2-4508-457f-aa3d-b4af65694671
at java.base/jdk.internal.reflect.NativeConstructorAccessorImpl.newInstance0(Native Method)
at java.base/jdk.internal.reflect.NativeConstructorAccessorImpl.newInstance(NativeConstructorAccessorImpl.java:77)
at java.base/jdk.internal.reflect.DelegatingConstructorAccessorImpl.newInstance(DelegatingConstructorAccessorImpl.java:45)
at java.base/java.lang.reflect.Constructor.newInstanceWithCaller(Constructor.java:499)
at java.base/java.lang.reflect.Constructor.newInstance(Constructor.java:480)
at org.openqa.selenium.remote.codec.w3c.W3CHttpResponseCodec.createException(W3CHttpResponseCodec.java:200)
at org.openqa.selenium.remote.codec.w3c.W3CHttpResponseCodec.decode(W3CHttpResponseCodec.java:133)
at org.openqa.selenium.remote.codec.w3c.W3CHttpResponseCodec.decode(W3CHttpResponseCodec.java:53)
at org.openqa.selenium.remote.HttpCommandExecutor.execute(HttpCommandExecutor.java:184)
at org.openqa.selenium.remote.service.DriverCommandExecutor.invokeExecute(DriverCommandExecutor.java:167)
at org.openqa.selenium.remote.service.DriverCommandExecutor.execute(DriverCommandExecutor.java:142)
at org.openqa.selenium.remote.RemoteWebDriver.execute(RemoteWebDriver.java:569)
at org.openqa.selenium.remote.ElementLocation$ElementFinder$2.findElement(ElementLocation.java:162)
at org.openqa.selenium.remote.ElementLocation.findElement(ElementLocation.java:60)
at org.openqa.selenium.remote.RemoteWebDriver.findElement(RemoteWebDriver.java:387)
at org.openqa.selenium.remote.RemoteWebDriver.findElement(RemoteWebDriver.java:379)
at org.openqa.selenium.support.pagefactory.DefaultElementLocator.findElement(DefaultElementLocator.java:70)
at org.openqa.selenium.support.pagefactory.internal.LocatingElementHandler.invoke(LocatingElementHandler.java:39)
at jdk.proxy2/jdk.proxy2.$Proxy27.getText(Unknown Source)
at actions.LoginPageActions.getErrorMessage(LoginPageActions.java:38)
at definitions.LoginPageDefinitions.verifyErrorMessage(LoginPageDefinitions.java:39)
at ✽.User should be able to see error message "Invalid credentials"(file:///C:/Users/HASSEN/eclipse-workspace/extentreports-cucumber-adapter/src/test/resources/features/LoginPage.feature:25)
]]>
    </error>
  </testcase> <!-- runScenario -->
  <system-out/>
  <testcase classname="runner.CucumberRunnerTests" name="runScenario" time="141.717"/>
  <system-out/>
  <testcase classname="runner.CucumberRunnerTests" name="runScenario" time="29.292"/>
  <system-out/>
  <testcase classname="runner.CucumberRunnerTests" name="runScenario" time="50.157">
    <error message="Unable to locate element: //*[@id=&#039;social-icons&#039;]/a[6]/img
For documentation on this error, please visit: https://selenium.dev/exceptions/#no_such_element
Build info: version: &#039;4.3.0&#039;, revision: &#039;a4995e2c09*&#039;
System info: host: &#039;HASSEN-HP&#039;, ip: &#039;192.168.209.1&#039;, os.name: &#039;Windows 10&#039;, os.arch: &#039;amd64&#039;, os.version: &#039;10.0&#039;, java.version: &#039;17.0.6&#039;
Driver info: org.openqa.selenium.firefox.FirefoxDriver
Command: [e8dada86-2e86-4f3f-8900-594ae4e8b698, findElement {using=xpath, value=//*[@id=&#039;social-icons&#039;]/a[6]/img}]
Capabilities {acceptInsecureCerts: true, browserName: firefox, browserVersion: 113.0.1, moz:accessibilityChecks: false, moz:buildID: 20230511191846, moz:debuggerAddress: 127.0.0.1:57797, moz:geckodriverVersion: 0.33.0, moz:headless: false, moz:platformVersion: 10.0, moz:processID: 38120, moz:profile: C:\Users\HASSEN\AppData\Loc..., moz:shutdownTimeout: 60000, moz:useNonSpecCompliantPointerOrigin: false, moz:webdriverClick: true, moz:windowless: false, pageLoadStrategy: normal, platformName: WINDOWS, proxy: Proxy(), se:cdp: ws://127.0.0.1:57797/devtoo..., se:cdpVersion: 85.0, setWindowRect: true, strictFileInteractability: false, timeouts: {implicit: 0, pageLoad: 300000, script: 30000}, unhandledPromptBehavior: dismiss and notify}
Session ID: e8dada86-2e86-4f3f-8900-594ae4e8b698" type="org.openqa.selenium.NoSuchElementException">
      <![CDATA[org.openqa.selenium.NoSuchElementException: Unable to locate element: //*[@id='social-icons']/a[6]/img
For documentation on this error, please visit: https://selenium.dev/exceptions/#no_such_element
Build info: version: '4.3.0', revision: 'a4995e2c09*'
System info: host: 'HASSEN-HP', ip: '192.168.209.1', os.name: 'Windows 10', os.arch: 'amd64', os.version: '10.0', java.version: '17.0.6'
Driver info: org.openqa.selenium.firefox.FirefoxDriver
Command: [e8dada86-2e86-4f3f-8900-594ae4e8b698, findElement {using=xpath, value=//*[@id='social-icons']/a[6]/img}]
Capabilities {acceptInsecureCerts: true, browserName: firefox, browserVersion: 113.0.1, moz:accessibilityChecks: false, moz:buildID: 20230511191846, moz:debuggerAddress: 127.0.0.1:57797, moz:geckodriverVersion: 0.33.0, moz:headless: false, moz:platformVersion: 10.0, moz:processID: 38120, moz:profile: C:\Users\HASSEN\AppData\Loc..., moz:shutdownTimeout: 60000, moz:useNonSpecCompliantPointerOrigin: false, moz:webdriverClick: true, moz:windowless: false, pageLoadStrategy: normal, platformName: WINDOWS, proxy: Proxy(), se:cdp: ws://127.0.0.1:57797/devtoo..., se:cdpVersion: 85.0, setWindowRect: true, strictFileInteractability: false, timeouts: {implicit: 0, pageLoad: 300000, script: 30000}, unhandledPromptBehavior: dismiss and notify}
Session ID: e8dada86-2e86-4f3f-8900-594ae4e8b698
at java.base/jdk.internal.reflect.NativeConstructorAccessorImpl.newInstance0(Native Method)
at java.base/jdk.internal.reflect.NativeConstructorAccessorImpl.newInstance(NativeConstructorAccessorImpl.java:77)
at java.base/jdk.internal.reflect.DelegatingConstructorAccessorImpl.newInstance(DelegatingConstructorAccessorImpl.java:45)
at java.base/java.lang.reflect.Constructor.newInstanceWithCaller(Constructor.java:499)
at java.base/java.lang.reflect.Constructor.newInstance(Constructor.java:480)
at org.openqa.selenium.remote.codec.w3c.W3CHttpResponseCodec.createException(W3CHttpResponseCodec.java:200)
at org.openqa.selenium.remote.codec.w3c.W3CHttpResponseCodec.decode(W3CHttpResponseCodec.java:133)
at org.openqa.selenium.remote.codec.w3c.W3CHttpResponseCodec.decode(W3CHttpResponseCodec.java:53)
at org.openqa.selenium.remote.HttpCommandExecutor.execute(HttpCommandExecutor.java:184)
at org.openqa.selenium.remote.service.DriverCommandExecutor.invokeExecute(DriverCommandExecutor.java:167)
at org.openqa.selenium.remote.service.DriverCommandExecutor.execute(DriverCommandExecutor.java:142)
at org.openqa.selenium.remote.RemoteWebDriver.execute(RemoteWebDriver.java:569)
at org.openqa.selenium.remote.ElementLocation$ElementFinder$2.findElement(ElementLocation.java:162)
at org.openqa.selenium.remote.ElementLocation.findElement(ElementLocation.java:60)
at org.openqa.selenium.remote.RemoteWebDriver.findElement(RemoteWebDriver.java:387)
at org.openqa.selenium.remote.RemoteWebDriver.findElement(RemoteWebDriver.java:379)
at org.openqa.selenium.support.pagefactory.DefaultElementLocator.findElement(DefaultElementLocator.java:70)
at org.openqa.selenium.support.pagefactory.internal.LocatingElementHandler.invoke(LocatingElementHandler.java:39)
at jdk.proxy2/jdk.proxy2.$Proxy27.isDisplayed(Unknown Source)
at actions.LoginPageActions.getFaceBookIcon(LoginPageActions.java:54)
at definitions.LoginPageDefinitions.verifyFaceBookIcon(LoginPageDefinitions.java:49)
at ✽.User should be able to see FaceBook Icon(file:///C:/Users/HASSEN/eclipse-workspace/extentreports-cucumber-adapter/src/test/resources/features/LoginPage.feature:39)
]]>
    </error>
  </testcase> <!-- runScenario -->
  <system-out/>
  <testcase classname="runner.CucumberRunnerTests" name="runScenario" time="57.719">
    <error message="Unable to locate element: //span[@class=&#039;oxd-text oxd-text--span oxd-input-field-error-message oxd-input-group__message&#039;]
For documentation on this error, please visit: https://selenium.dev/exceptions/#no_such_element
Build info: version: &#039;4.3.0&#039;, revision: &#039;a4995e2c09*&#039;
System info: host: &#039;HASSEN-HP&#039;, ip: &#039;192.168.209.1&#039;, os.name: &#039;Windows 10&#039;, os.arch: &#039;amd64&#039;, os.version: &#039;10.0&#039;, java.version: &#039;17.0.6&#039;
Driver info: org.openqa.selenium.firefox.FirefoxDriver
Command: [3dd07ff4-7477-4aae-8f43-5c4dca2041a7, findElement {using=xpath, value=//span[@class=&#039;oxd-text oxd-text--span oxd-input-field-error-message oxd-input-group__message&#039;]}]
Capabilities {acceptInsecureCerts: true, browserName: firefox, browserVersion: 113.0.1, moz:accessibilityChecks: false, moz:buildID: 20230511191846, moz:debuggerAddress: 127.0.0.1:56170, moz:geckodriverVersion: 0.33.0, moz:headless: false, moz:platformVersion: 10.0, moz:processID: 38908, moz:profile: C:\Users\HASSEN\AppData\Loc..., moz:shutdownTimeout: 60000, moz:useNonSpecCompliantPointerOrigin: false, moz:webdriverClick: true, moz:windowless: false, pageLoadStrategy: normal, platformName: WINDOWS, proxy: Proxy(), se:cdp: ws://127.0.0.1:56170/devtoo..., se:cdpVersion: 85.0, setWindowRect: true, strictFileInteractability: false, timeouts: {implicit: 0, pageLoad: 300000, script: 30000}, unhandledPromptBehavior: dismiss and notify}
Session ID: 3dd07ff4-7477-4aae-8f43-5c4dca2041a7" type="org.openqa.selenium.NoSuchElementException">
      <![CDATA[org.openqa.selenium.NoSuchElementException: Unable to locate element: //span[@class='oxd-text oxd-text--span oxd-input-field-error-message oxd-input-group__message']
For documentation on this error, please visit: https://selenium.dev/exceptions/#no_such_element
Build info: version: '4.3.0', revision: 'a4995e2c09*'
System info: host: 'HASSEN-HP', ip: '192.168.209.1', os.name: 'Windows 10', os.arch: 'amd64', os.version: '10.0', java.version: '17.0.6'
Driver info: org.openqa.selenium.firefox.FirefoxDriver
Command: [3dd07ff4-7477-4aae-8f43-5c4dca2041a7, findElement {using=xpath, value=//span[@class='oxd-text oxd-text--span oxd-input-field-error-message oxd-input-group__message']}]
Capabilities {acceptInsecureCerts: true, browserName: firefox, browserVersion: 113.0.1, moz:accessibilityChecks: false, moz:buildID: 20230511191846, moz:debuggerAddress: 127.0.0.1:56170, moz:geckodriverVersion: 0.33.0, moz:headless: false, moz:platformVersion: 10.0, moz:processID: 38908, moz:profile: C:\Users\HASSEN\AppData\Loc..., moz:shutdownTimeout: 60000, moz:useNonSpecCompliantPointerOrigin: false, moz:webdriverClick: true, moz:windowless: false, pageLoadStrategy: normal, platformName: WINDOWS, proxy: Proxy(), se:cdp: ws://127.0.0.1:56170/devtoo..., se:cdpVersion: 85.0, setWindowRect: true, strictFileInteractability: false, timeouts: {implicit: 0, pageLoad: 300000, script: 30000}, unhandledPromptBehavior: dismiss and notify}
Session ID: 3dd07ff4-7477-4aae-8f43-5c4dca2041a7
at java.base/jdk.internal.reflect.NativeConstructorAccessorImpl.newInstance0(Native Method)
at java.base/jdk.internal.reflect.NativeConstructorAccessorImpl.newInstance(NativeConstructorAccessorImpl.java:77)
at java.base/jdk.internal.reflect.DelegatingConstructorAccessorImpl.newInstance(DelegatingConstructorAccessorImpl.java:45)
at java.base/java.lang.reflect.Constructor.newInstanceWithCaller(Constructor.java:499)
at java.base/java.lang.reflect.Constructor.newInstance(Constructor.java:480)
at org.openqa.selenium.remote.codec.w3c.W3CHttpResponseCodec.createException(W3CHttpResponseCodec.java:200)
at org.openqa.selenium.remote.codec.w3c.W3CHttpResponseCodec.decode(W3CHttpResponseCodec.java:133)
at org.openqa.selenium.remote.codec.w3c.W3CHttpResponseCodec.decode(W3CHttpResponseCodec.java:53)
at org.openqa.selenium.remote.HttpCommandExecutor.execute(HttpCommandExecutor.java:184)
at org.openqa.selenium.remote.service.DriverCommandExecutor.invokeExecute(DriverCommandExecutor.java:167)
at org.openqa.selenium.remote.service.DriverCommandExecutor.execute(DriverCommandExecutor.java:142)
at org.openqa.selenium.remote.RemoteWebDriver.execute(RemoteWebDriver.java:569)
at org.openqa.selenium.remote.ElementLocation$ElementFinder$2.findElement(ElementLocation.java:162)
at org.openqa.selenium.remote.ElementLocation.findElement(ElementLocation.java:60)
at org.openqa.selenium.remote.RemoteWebDriver.findElement(RemoteWebDriver.java:387)
at org.openqa.selenium.remote.RemoteWebDriver.findElement(RemoteWebDriver.java:379)
at org.openqa.selenium.support.pagefactory.DefaultElementLocator.findElement(DefaultElementLocator.java:70)
at org.openqa.selenium.support.pagefactory.internal.LocatingElementHandler.invoke(LocatingElementHandler.java:39)
at jdk.proxy2/jdk.proxy2.$Proxy27.getText(Unknown Source)
at actions.LoginPageActions.getErrorMessage(LoginPageActions.java:38)
at definitions.LoginPageDefinitions.verifyErrorMessage(LoginPageDefinitions.java:39)
at ✽.User should be able to see error message "Invalid credentials"(file:///C:/Users/HASSEN/eclipse-workspace/extentreports-cucumber-adapter/src/test/resources/features/LoginPage.feature:25)
]]>
    </error>
  </testcase> <!-- runScenario -->
  <system-out/>
  <testcase classname="runner.CucumberRunnerTests" name="runScenario" time="29.892"/>
  <system-out/>
  <testcase classname="runner.CucumberRunnerTests" name="runScenario" time="24.668"/>
  <system-out/>
  <testcase classname="runner.CucumberRunnerTests" name="runScenario" time="24.969"/>
  <system-out/>
</testsuite> <!-- runner.CucumberRunnerTests -->
